~/chemicalfun-new/build2 $ make -j8 VERBOSE=1                                                                                                                                         /data/data/com.termux/files/usr/bin/cmake -S/data/data/com.termux/files/home/chemicalfun-new -B/data/data/com.termux/files/home/chemicalfun-new/build2 --check-build-system CMakeFiles/Makefile.cmake 0
/data/data/com.termux/files/usr/bin/cmake -E cmake_progress_start /data/data/com.termux/files/home/chemicalfun-new/build2/CMakeFiles /data/data/com.termux/files/home/chemicalfun-new/build2//CMakeFiles/progress.marks
make  -f CMakeFiles/Makefile2 all
make[1]: Entering directory '/data/data/com.termux/files/home/chemicalfun-new/build2'
make  -f src/CMakeFiles/ChemicalFun.dir/build.make src/CMakeFiles/ChemicalFun.dir/depend
make[2]: Entering directory '/data/data/com.termux/files/home/chemicalfun-new/build2'
cd /data/data/com.termux/files/home/chemicalfun-new/build2 && /data/data/com.termux/files/usr/bin/cmake -E cmake_depends "Unix Makefiles" /data/data/com.termux/files/home/chemicalfun-new /data/data/com.termux/files/home/chemicalfun-new/src /data/data/com.termux/files/home/chemicalfun-new/build2 /data/data/com.termux/files/home/chemicalfun-new/build2/src /data/data/com.termux/files/home/chemicalfun-new/build2/src/CMakeFiles/ChemicalFun.dir/DependInfo.cmake --color=
make[2]: Leaving directory '/data/data/com.termux/files/home/chemicalfun-new/build2'
make  -f src/CMakeFiles/ChemicalFun.dir/build.make src/CMakeFiles/ChemicalFun.dir/build
make[2]: Entering directory '/data/data/com.termux/files/home/chemicalfun-new/build2'
[  6%] Building CXX object src/CMakeFiles/ChemicalFun.dir/Common/Exception.cpp.o
[ 13%] Building CXX object src/CMakeFiles/ChemicalFun.dir/FormulaParser/ChemicalData.cpp.o
cd /data/data/com.termux/files/home/chemicalfun-new/build2/src && /data/data/com.termux/files/usr/bin/c++ -DChemicalFun_EXPORTS -DFMT_LOCALE -DSPDLOG_COMPILED_LIB -DSPDLOG_FMT_EXTERNAL -DSPDLOG_SHARED_LIB -I/usr/local/include -I/data/data/com.termux/files/home/chemicalfun-new/src -I/data/data/com.termux/files/home/chemicalfun-new/include -I/data/data/com.termux/files/home/chemicalfun-new -O2 -g -DNDEBUG -fPIC -Wall -Wno-ignored-attributes -Wno-pedantic -Wno-variadic-macros -Wno-deprecated -std=gnu++17 -MD -MT src/CMakeFiles/ChemicalFun.dir/Common/Exception.cpp.o -MF CMakeFiles/ChemicalFun.dir/Common/Exception.cpp.o.d -o CMakeFiles/ChemicalFun.dir/Common/Exception.cpp.o -c /data/data/com.termux/files/home/chemicalfun-new/src/Common/Exception.cpp
cd /data/data/com.termux/files/home/chemicalfun-new/build2/src && /data/data/com.termux/files/usr/bin/c++ -DChemicalFun_EXPORTS -DFMT_LOCALE -DSPDLOG_COMPILED_LIB -DSPDLOG_FMT_EXTERNAL -DSPDLOG_SHARED_LIB -I/usr/local/include -I/data/data/com.termux/files/home/chemicalfun-new/src -I/data/data/com.termux/files/home/chemicalfun-new/include -I/data/data/com.termux/files/home/chemicalfun-new -O2 -g -DNDEBUG -fPIC -Wall -Wno-ignored-attributes -Wno-pedantic -Wno-variadic-macros -Wno-deprecated -std=gnu++17 -MD -MT src/CMakeFiles/ChemicalFun.dir/FormulaParser/ChemicalData.cpp.o -MF CMakeFiles/ChemicalFun.dir/FormulaParser/ChemicalData.cpp.o.d -o CMakeFiles/ChemicalFun.dir/FormulaParser/ChemicalData.cpp.o -c /data/data/com.termux/files/home/chemicalfun-new/src/FormulaParser/ChemicalData.cpp
[ 20%] Building CXX object src/CMakeFiles/ChemicalFun.dir/ReactionsGenerator/CanonicalizerLeal16.cpp.o
cd /data/data/com.termux/files/home/chemicalfun-new/build2/src && /data/data/com.termux/files/usr/bin/c++ -DChemicalFun_EXPORTS -DFMT_LOCALE -DSPDLOG_COMPILED_LIB -DSPDLOG_FMT_EXTERNAL -DSPDLOG_SHARED_LIB -I/usr/local/include -I/data/data/com.termux/files/home/chemicalfun-new/src -I/data/data/com.termux/files/home/chemicalfun-new/include -I/data/data/com.termux/files/home/chemicalfun-new -O2 -g -DNDEBUG -fPIC -Wall -Wno-ignored-attributes -Wno-pedantic -Wno-variadic-macros -Wno-deprecated -std=gnu++17 -MD -MT src/CMakeFiles/ChemicalFun.dir/ReactionsGenerator/CanonicalizerLeal16.cpp.o -MF CMakeFiles/ChemicalFun.dir/ReactionsGenerator/CanonicalizerLeal16.cpp.o.d -o CMakeFiles/ChemicalFun.dir/ReactionsGenerator/CanonicalizerLeal16.cpp.o -c /data/data/com.termux/files/home/chemicalfun-new/src/ReactionsGenerator/CanonicalizerLeal16.cpp
[ 26%] Building CXX object src/CMakeFiles/ChemicalFun.dir/ReactionsGenerator/Combiner.cpp.o
[ 40%] Building CXX object src/CMakeFiles/ChemicalFun.dir/ReactionsGenerator/Generator.cpp.o
[ 40%] Building CXX object src/CMakeFiles/ChemicalFun.dir/ReactionsGenerator/ChemicalReactions.cpp.o
cd /data/data/com.termux/files/home/chemicalfun-new/build2/src && /data/data/com.termux/files/usr/bin/c++ -DChemicalFun_EXPORTS -DFMT_LOCALE -DSPDLOG_COMPILED_LIB -DSPDLOG_FMT_EXTERNAL -DSPDLOG_SHARED_LIB -I/usr/local/include -I/data/data/com.termux/files/home/chemicalfun-new/src -I/data/data/com.termux/files/home/chemicalfun-new/include -I/data/data/com.termux/files/home/chemicalfun-new -O2 -g -DNDEBUG -fPIC -Wall -Wno-ignored-attributes -Wno-pedantic -Wno-variadic-macros -Wno-deprecated -std=gnu++17 -MD -MT src/CMakeFiles/ChemicalFun.dir/ReactionsGenerator/Generator.cpp.o -MF CMakeFiles/ChemicalFun.dir/ReactionsGenerator/Generator.cpp.o.d -o CMakeFiles/ChemicalFun.dir/ReactionsGenerator/Generator.cpp.o -c /data/data/com.termux/files/home/chemicalfun-new/src/ReactionsGenerator/Generator.cpp
cd /data/data/com.termux/files/home/chemicalfun-new/build2/src && /data/data/com.termux/files/usr/bin/c++ -DChemicalFun_EXPORTS -DFMT_LOCALE -DSPDLOG_COMPILED_LIB -DSPDLOG_FMT_EXTERNAL -DSPDLOG_SHARED_LIB -I/usr/local/include -I/data/data/com.termux/files/home/chemicalfun-new/src -I/data/data/com.termux/files/home/chemicalfun-new/include -I/data/data/com.termux/files/home/chemicalfun-new -O2 -g -DNDEBUG -fPIC -Wall -Wno-ignored-attributes -Wno-pedantic -Wno-variadic-macros -Wno-deprecated -std=gnu++17 -MD -MT src/CMakeFiles/ChemicalFun.dir/ReactionsGenerator/Combiner.cpp.o -MF CMakeFiles/ChemicalFun.dir/ReactionsGenerator/Combiner.cpp.o.d -o CMakeFiles/ChemicalFun.dir/ReactionsGenerator/Combiner.cpp.o -c /data/data/com.termux/files/home/chemicalfun-new/src/ReactionsGenerator/Combiner.cpp
cd /data/data/com.termux/files/home/chemicalfun-new/build2/src && /data/data/com.termux/files/usr/bin/c++ -DChemicalFun_EXPORTS -DFMT_LOCALE -DSPDLOG_COMPILED_LIB -DSPDLOG_FMT_EXTERNAL -DSPDLOG_SHARED_LIB -I/usr/local/include -I/data/data/com.termux/files/home/chemicalfun-new/src -I/data/data/com.termux/files/home/chemicalfun-new/include -I/data/data/com.termux/files/home/chemicalfun-new -O2 -g -DNDEBUG -fPIC -Wall -Wno-ignored-attributes -Wno-pedantic -Wno-variadic-macros -Wno-deprecated -std=gnu++17 -MD -MT src/CMakeFiles/ChemicalFun.dir/ReactionsGenerator/ChemicalReactions.cpp.o -MF CMakeFiles/ChemicalFun.dir/ReactionsGenerator/ChemicalReactions.cpp.o.d -o CMakeFiles/ChemicalFun.dir/ReactionsGenerator/ChemicalReactions.cpp.o -c /data/data/com.termux/files/home/chemicalfun-new/src/ReactionsGenerator/ChemicalReactions.cpp
[ 46%] Building CXX object src/CMakeFiles/ChemicalFun.dir/FormulaParser/ChemicalFormulaParser.cpp.o
[ 53%] Building CXX object src/CMakeFiles/ChemicalFun.dir/FormulaParser/MoietyParser.cpp.o
cd /data/data/com.termux/files/home/chemicalfun-new/build2/src && /data/data/com.termux/files/usr/bin/c++ -DChemicalFun_EXPORTS -DFMT_LOCALE -DSPDLOG_COMPILED_LIB -DSPDLOG_FMT_EXTERNAL -DSPDLOG_SHARED_LIB -I/usr/local/include -I/data/data/com.termux/files/home/chemicalfun-new/src -I/data/data/com.termux/files/home/chemicalfun-new/include -I/data/data/com.termux/files/home/chemicalfun-new -O2 -g -DNDEBUG -fPIC -Wall -Wno-ignored-attributes -Wno-pedantic -Wno-variadic-macros -Wno-deprecated -std=gnu++17 -MD -MT src/CMakeFiles/ChemicalFun.dir/FormulaParser/ChemicalFormulaParser.cpp.o -MF CMakeFiles/ChemicalFun.dir/FormulaParser/ChemicalFormulaParser.cpp.o.d -o CMakeFiles/ChemicalFun.dir/FormulaParser/ChemicalFormulaParser.cpp.o -c /data/data/com.termux/files/home/chemicalfun-new/src/FormulaParser/ChemicalFormulaParser.cpp
cd /data/data/com.termux/files/home/chemicalfun-new/build2/src && /data/data/com.termux/files/usr/bin/c++ -DChemicalFun_EXPORTS -DFMT_LOCALE -DSPDLOG_COMPILED_LIB -DSPDLOG_FMT_EXTERNAL -DSPDLOG_SHARED_LIB -I/usr/local/include -I/data/data/com.termux/files/home/chemicalfun-new/src -I/data/data/com.termux/files/home/chemicalfun-new/include -I/data/data/com.termux/files/home/chemicalfun-new -O2 -g -DNDEBUG -fPIC -Wall -Wno-ignored-attributes -Wno-pedantic -Wno-variadic-macros -Wno-deprecated -std=gnu++17 -MD -MT src/CMakeFiles/ChemicalFun.dir/FormulaParser/MoietyParser.cpp.o -MF CMakeFiles/ChemicalFun.dir/FormulaParser/MoietyParser.cpp.o.d -o CMakeFiles/ChemicalFun.dir/FormulaParser/MoietyParser.cpp.o -c /data/data/com.termux/files/home/chemicalfun-new/src/FormulaParser/MoietyParser.cpp
In file included from /data/data/com.termux/files/home/chemicalfun-new/src/FormulaParser/MoietyParser.cpp:21:
/data/data/com.termux/files/home/chemicalfun-new/include/ChemicalFun/FormulaParser/MoietyParser.h:71:9: warning: private field 'number_sites' is not used [-Wunused-private-field]
    int number_sites;             // number of sites in formula
        ^
[ 60%] Building CXX object src/CMakeFiles/ChemicalFun.dir/ReactionsGenerator/GramSchmidtWeltin94.cpp.o
cd /data/data/com.termux/files/home/chemicalfun-new/build2/src && /data/data/com.termux/files/usr/bin/c++ -DChemicalFun_EXPORTS -DFMT_LOCALE -DSPDLOG_COMPILED_LIB -DSPDLOG_FMT_EXTERNAL -DSPDLOG_SHARED_LIB -I/usr/local/include -I/data/data/com.termux/files/home/chemicalfun-new/src -I/data/data/com.termux/files/home/chemicalfun-new/include -I/data/data/com.termux/files/home/chemicalfun-new -O2 -g -DNDEBUG -fPIC -Wall -Wno-ignored-attributes -Wno-pedantic -Wno-variadic-macros -Wno-deprecated -std=gnu++17 -MD -MT src/CMakeFiles/ChemicalFun.dir/ReactionsGenerator/GramSchmidtWeltin94.cpp.o -MF CMakeFiles/ChemicalFun.dir/ReactionsGenerator/GramSchmidtWeltin94.cpp.o.d -o CMakeFiles/ChemicalFun.dir/ReactionsGenerator/GramSchmidtWeltin94.cpp.o -c /data/data/com.termux/files/home/chemicalfun-new/src/ReactionsGenerator/GramSchmidtWeltin94.cpp
/data/data/com.termux/files/home/chemicalfun-new/src/ReactionsGenerator/ChemicalReactions.cpp:188:12: warning: unused variable 'pr' [-Wunused-variable]
       int pr=0;
           ^
/data/data/com.termux/files/home/chemicalfun-new/src/ReactionsGenerator/ChemicalReactions.cpp:187:12: warning: unused variable 're' [-Wunused-variable]
       int re=0;
           ^
[ 66%] Building CXX object src/CMakeFiles/ChemicalFun.dir/ReactionsGenerator/MatrixUtils.cpp.o
cd /data/data/com.termux/files/home/chemicalfun-new/build2/src && /data/data/com.termux/files/usr/bin/c++ -DChemicalFun_EXPORTS -DFMT_LOCALE -DSPDLOG_COMPILED_LIB -DSPDLOG_FMT_EXTERNAL -DSPDLOG_SHARED_LIB -I/usr/local/include -I/data/data/com.termux/files/home/chemicalfun-new/src -I/data/data/com.termux/files/home/chemicalfun-new/include -I/data/data/com.termux/files/home/chemicalfun-new -O2 -g -DNDEBUG -fPIC -Wall -Wno-ignored-attributes -Wno-pedantic -Wno-variadic-macros -Wno-deprecated -std=gnu++17 -MD -MT src/CMakeFiles/ChemicalFun.dir/ReactionsGenerator/MatrixUtils.cpp.o -MF CMakeFiles/ChemicalFun.dir/ReactionsGenerator/MatrixUtils.cpp.o.d -o CMakeFiles/ChemicalFun.dir/ReactionsGenerator/MatrixUtils.cpp.o -c /data/data/com.termux/files/home/chemicalfun-new/src/ReactionsGenerator/MatrixUtils.cpp
1 warning generated.
[ 73%] Building CXX object src/CMakeFiles/ChemicalFun.dir/ReactionsGenerator/Reaction.cpp.o
cd /data/data/com.termux/files/home/chemicalfun-new/build2/src && /data/data/com.termux/files/usr/bin/c++ -DChemicalFun_EXPORTS -DFMT_LOCALE -DSPDLOG_COMPILED_LIB -DSPDLOG_FMT_EXTERNAL -DSPDLOG_SHARED_LIB -I/usr/local/include -I/data/data/com.termux/files/home/chemicalfun-new/src -I/data/data/com.termux/files/home/chemicalfun-new/include -I/data/data/com.termux/files/home/chemicalfun-new -O2 -g -DNDEBUG -fPIC -Wall -Wno-ignored-attributes -Wno-pedantic -Wno-variadic-macros -Wno-deprecated -std=gnu++17 -MD -MT src/CMakeFiles/ChemicalFun.dir/ReactionsGenerator/Reaction.cpp.o -MF CMakeFiles/ChemicalFun.dir/ReactionsGenerator/Reaction.cpp.o.d -o CMakeFiles/ChemicalFun.dir/ReactionsGenerator/Reaction.cpp.o -c /data/data/com.termux/files/home/chemicalfun-new/src/ReactionsGenerator/Reaction.cpp
[ 80%] Building CXX object src/CMakeFiles/ChemicalFun.dir/ReactionsGenerator/RowReduceSmithMissen98.cpp.o
cd /data/data/com.termux/files/home/chemicalfun-new/build2/src && /data/data/com.termux/files/usr/bin/c++ -DChemicalFun_EXPORTS -DFMT_LOCALE -DSPDLOG_COMPILED_LIB -DSPDLOG_FMT_EXTERNAL -DSPDLOG_SHARED_LIB -I/usr/local/include -I/data/data/com.termux/files/home/chemicalfun-new/src -I/data/data/com.termux/files/home/chemicalfun-new/include -I/data/data/com.termux/files/home/chemicalfun-new -O2 -g -DNDEBUG -fPIC -Wall -Wno-ignored-attributes -Wno-pedantic -Wno-variadic-macros -Wno-deprecated -std=gnu++17 -MD -MT src/CMakeFiles/ChemicalFun.dir/ReactionsGenerator/RowReduceSmithMissen98.cpp.o -MF CMakeFiles/ChemicalFun.dir/ReactionsGenerator/RowReduceSmithMissen98.cpp.o.d -o CMakeFiles/ChemicalFun.dir/ReactionsGenerator/RowReduceSmithMissen98.cpp.o -c /data/data/com.termux/files/home/chemicalfun-new/src/ReactionsGenerator/RowReduceSmithMissen98.cpp
2 warnings generated.
[ 86%] Linking CXX shared library libChemicalFun.so
cd /data/data/com.termux/files/home/chemicalfun-new/build2/src && /data/data/com.termux/files/usr/bin/cmake -E cmake_link_script CMakeFiles/ChemicalFun.dir/link.txt --verbose=1
/data/data/com.termux/files/usr/bin/c++ -fPIC -O2 -g -DNDEBUG -shared -Wl,-soname,libChemicalFun.so -o libChemicalFun.so CMakeFiles/ChemicalFun.dir/Common/Exception.cpp.o CMakeFiles/ChemicalFun.dir/FormulaParser/ChemicalData.cpp.o CMakeFiles/ChemicalFun.dir/FormulaParser/ChemicalFormulaParser.cpp.o CMakeFiles/ChemicalFun.dir/FormulaParser/MoietyParser.cpp.o CMakeFiles/ChemicalFun.dir/ReactionsGenerator/CanonicalizerLeal16.cpp.o CMakeFiles/ChemicalFun.dir/ReactionsGenerator/ChemicalReactions.cpp.o CMakeFiles/ChemicalFun.dir/ReactionsGenerator/Combiner.cpp.o CMakeFiles/ChemicalFun.dir/ReactionsGenerator/Generator.cpp.o CMakeFiles/ChemicalFun.dir/ReactionsGenerator/GramSchmidtWeltin94.cpp.o CMakeFiles/ChemicalFun.dir/ReactionsGenerator/MatrixUtils.cpp.o CMakeFiles/ChemicalFun.dir/ReactionsGenerator/Reaction.cpp.o CMakeFiles/ChemicalFun.dir/ReactionsGenerator/RowReduceSmithMissen98.cpp.o   -L/usr/local/lib  -Wl,-rpath,/usr/local/lib: /data/data/com.termux/files/usr/lib/libspdlog.so -lpthread /data/data/com.termux/files/usr/local/lib/libfmt.a -llog
make[2]: Leaving directory '/data/data/com.termux/files/home/chemicalfun-new/build2'
[ 86%] Built target ChemicalFun
make  -f python/PyChemicalFun/CMakeFiles/PyChemicalFun.dir/build.make python/PyChemicalFun/CMakeFiles/PyChemicalFun.dir/depend
make[2]: Entering directory '/data/data/com.termux/files/home/chemicalfun-new/build2'
cd /data/data/com.termux/files/home/chemicalfun-new/build2 && /data/data/com.termux/files/usr/bin/cmake -E cmake_depends "Unix Makefiles" /data/data/com.termux/files/home/chemicalfun-new /data/data/com.termux/files/home/chemicalfun-new/python/PyChemicalFun /data/data/com.termux/files/home/chemicalfun-new/build2 /data/data/com.termux/files/home/chemicalfun-new/build2/python/PyChemicalFun /data/data/com.termux/files/home/chemicalfun-new/build2/python/PyChemicalFun/CMakeFiles/PyChemicalFun.dir/DependInfo.cmake --color=
make[2]: Leaving directory '/data/data/com.termux/files/home/chemicalfun-new/build2'
make  -f python/PyChemicalFun/CMakeFiles/PyChemicalFun.dir/build.make python/PyChemicalFun/CMakeFiles/PyChemicalFun.dir/build
make[2]: Entering directory '/data/data/com.termux/files/home/chemicalfun-new/build2'
[ 93%] Building CXX object python/PyChemicalFun/CMakeFiles/PyChemicalFun.dir/pyChemicalData.cpp.o
cd /data/data/com.termux/files/home/chemicalfun-new/build2/python/PyChemicalFun && /data/data/com.termux/files/usr/bin/c++ -DPyChemicalFun_EXPORTS -I/usr/local/include -I/data/data/com.termux/files/home/chemicalfun-new/src -I/data/data/com.termux/files/home/chemicalfun-new/include -I/data/data/com.termux/files/home/chemicalfun-new/python -I/include/eigen3 -I/usr/local/include/eigen3 -I/data/data/com.termux/files/home/chemicalfun-new -isystem /data/data/com.termux/files/usr/include/python3.9 -O2 -g -DNDEBUG -fPIC -fvisibility=hidden -Wall -Wno-ignored-attributes -Wno-pedantic -Wno-variadic-macros -Wno-deprecated -std=gnu++17 -MD -MT python/PyChemicalFun/CMakeFiles/PyChemicalFun.dir/pyChemicalData.cpp.o -MF CMakeFiles/PyChemicalFun.dir/pyChemicalData.cpp.o.d -o CMakeFiles/PyChemicalFun.dir/pyChemicalData.cpp.o -c /data/data/com.termux/files/home/chemicalfun-new/python/PyChemicalFun/pyChemicalData.cpp
[100%] Linking CXX shared module PyChemicalFun.cpython-39.so
cd /data/data/com.termux/files/home/chemicalfun-new/build2/python/PyChemicalFun && /data/data/com.termux/files/usr/bin/cmake -E cmake_link_script CMakeFiles/PyChemicalFun.dir/link.txt --verbose=1
/data/data/com.termux/files/usr/bin/c++ -fPIC -O2 -g -DNDEBUG -shared  -o PyChemicalFun.cpython-39.so CMakeFiles/PyChemicalFun.dir/pyChemicalData.cpp.o   -L/usr/local/lib  -Wl,-rpath,/usr/local/lib:/data/data/com.termux/files/home/chemicalfun-new/build2/src ../../src/libChemicalFun.so
make[2]: Leaving directory '/data/data/com.termux/files/home/chemicalfun-new/build2'
[100%] Built target PyChemicalFun
make  -f python/chemicalfun/CMakeFiles/chemicalfun.dir/build.make python/chemicalfun/CMakeFiles/chemicalfun.dir/depend
make[2]: Entering directory '/data/data/com.termux/files/home/chemicalfun-new/build2'
cd /data/data/com.termux/files/home/chemicalfun-new/build2 && /data/data/com.termux/files/usr/bin/cmake -E cmake_depends "Unix Makefiles" /data/data/com.termux/files/home/chemicalfun-new /data/data/com.termux/files/home/chemicalfun-new/python/chemicalfun /data/data/com.termux/files/home/chemicalfun-new/build2 /data/data/com.termux/files/home/chemicalfun-new/build2/python/chemicalfun /data/data/com.termux/files/home/chemicalfun-new/build2/python/chemicalfun/CMakeFiles/chemicalfun.dir/DependInfo.cmake --color=
make[2]: Leaving directory '/data/data/com.termux/files/home/chemicalfun-new/build2'
make  -f python/chemicalfun/CMakeFiles/chemicalfun.dir/build.make python/chemicalfun/CMakeFiles/chemicalfun.dir/build
make[2]: Entering directory '/data/data/com.termux/files/home/chemicalfun-new/build2'
cd /data/data/com.termux/files/home/chemicalfun-new/build2/python/chemicalfun && /data/data/com.termux/files/usr/bin/cmake -E copy /data/data/com.termux/files/home/chemicalfun-new/build2/python/PyChemicalFun/PyChemicalFun.cpython-39.so /data/data/com.termux/files/home/chemicalfun-new/build2/python/chemicalfun/PyChemicalFun.cpython-39.so
cd /data/data/com.termux/files/home/chemicalfun-new/build2/python/chemicalfun && /data/data/com.termux/files/usr/bin/python3.9 /data/data/com.termux/files/home/chemicalfun-new/build2/python/chemicalfun/setup.py --quiet install --prefix=/data/data/com.termux/files/home/chemicalfun-new/build2
make[2]: Leaving directory '/data/data/com.termux/files/home/chemicalfun-new/build2'
[100%] Built target chemicalfun
make[1]: Leaving directory '/data/data/com.termux/files/home/chemicalfun-new/build2'
/data/data/com.termux/files/usr/bin/cmake -E cmake_progress_start /data/data/com.termux/files/home/chemicalfun-new/build2/CMakeFiles 0
